<?xml version="1.0" encoding="UTF-8"?>
<!-- Generated by org.testng.reporters.JUnitXMLReporter -->
<testsuite hostname="PC201412181125" name="Default test" tests="9" failures="0" timestamp="14 Jun 2018 03:45:14 GMT" time="106.58" errors="0">
  <testcase name="login" time="6.497" classname="uuuu.jiaoXueTestng"/>
  <testcase name="AddHuo" time="26.014" classname="uuuu.jiaoXueTestng"/>
  <testcase name="logOut" time="3.227" classname="uuuu.jiaoXueTestng"/>
  <testcase name="login" time="5.306" classname="testcase.JxhdYn"/>
  <testcase name="AddHuo" time="26.141" classname="testcase.JxhdYn"/>
  <testcase name="logOut" time="3.117" classname="testcase.JxhdYn"/>
  <testcase name="login" time="5.595" classname="testcase.JxhdYw"/>
  <testcase name="AddHuo" time="28.812" classname="testcase.JxhdYw"/>
  <testcase name="logOut" time="1.835" classname="testcase.JxhdYw"/>
</testsuite> <!-- Default test -->
