<?xml version="1.0" encoding="UTF-8"?>
<!-- Generated by org.testng.reporters.JUnitXMLReporter -->
<testsuite hostname="PC201412181125" name="Default test" tests="9" failures="0" timestamp="20 Jun 2018 01:37:04 GMT" time="102.531" errors="0">
  <testcase name="login" time="8.256" classname="uuuu.jiaoXueTestng"/>
  <testcase name="AddHuo" time="25.476" classname="uuuu.jiaoXueTestng"/>
  <testcase name="logOut" time="2.246" classname="uuuu.jiaoXueTestng"/>
  <testcase name="login" time="4.379" classname="testcase.JxhdYn"/>
  <testcase name="AddHuo" time="25.059" classname="testcase.JxhdYn"/>
  <testcase name="logOut" time="2.918" classname="testcase.JxhdYn"/>
  <testcase name="login" time="4.496" classname="testcase.JxhdYw"/>
  <testcase name="AddHuo" time="27.874" classname="testcase.JxhdYw"/>
  <testcase name="logOut" time="1.786" classname="testcase.JxhdYw"/>
</testsuite> <!-- Default test -->
