<?xml version="1.0" encoding="UTF-8"?>
<testng-results skipped="0" failed="0" total="3" passed="3">
  <reporter-output>
  </reporter-output>
  <suite name="Default suite" duration-ms="36984" started-at="2018-06-14T18:13:18Z" finished-at="2018-06-14T18:13:55Z">
    <groups>
    </groups>
    <test name="Default test" duration-ms="36984" started-at="2018-06-14T18:13:18Z" finished-at="2018-06-14T18:13:55Z">
      <class name="testcase.JxhdYw">
        <test-method status="PASS" signature="login()[pri:0, instance:testcase.JxhdYw@47f15427]" name="login" duration-ms="5395" started-at="2018-06-15T02:13:18Z" finished-at="2018-06-15T02:13:23Z">
          <reporter-output>
          </reporter-output>
        </test-method> <!-- login -->
        <test-method status="PASS" signature="AddHuo()[pri:0, instance:testcase.JxhdYw@47f15427]" name="AddHuo" duration-ms="29456" started-at="2018-06-15T02:13:23Z" depends-on-methods="testcase.JxhdYw.login" finished-at="2018-06-15T02:13:53Z">
          <reporter-output>
          </reporter-output>
        </test-method> <!-- AddHuo -->
        <test-method status="PASS" signature="logOut()[pri:0, instance:testcase.JxhdYw@47f15427]" name="logOut" duration-ms="2104" started-at="2018-06-15T02:13:53Z" depends-on-methods="testcase.JxhdYw.AddHuo" finished-at="2018-06-15T02:13:55Z">
          <reporter-output>
          </reporter-output>
        </test-method> <!-- logOut -->
      </class> <!-- testcase.JxhdYw -->
    </test> <!-- Default test -->
  </suite> <!-- Default suite -->
</testng-results>
